# JRE version: OpenJDK Runtime Environment Temurin-21.0.5+11 (21.0.5+11) (build 21.0.5+11-LTS)
# Java VM: OpenJDK 64-Bit Server VM Temurin-21.0.5+11 (21.0.5+11-LTS, mixed mode, emulated-client, sharing, tiered, compressed oops, compressed class ptrs, g1 gc, windows-amd64)
GC Precious Log:
 CardTable entry size: 512
 Card Set container configuration: InlinePtr #cards 5 size 8 Array Of Cards #cards 12 size 40 Howl #buckets 4 coarsen threshold 1843 Howl Bitmap #cards 512 size 80 coarsen threshold 460 Card regions per heap region 1 cards per card region 2048
 CPUs: 4 total, 4 available
 Memory: 1956M
 Large Page Support: Disabled
 NUMA Support: Disabled
 Compressed Oops: Enabled (32-bit)
 Heap Region Size: 1M
 Heap Min Capacity: 8M
 Heap Initial Capacity: 32M
 Heap Max Capacity: 490M
 Pre-touch: Disabled
 Parallel Workers: 4
 Concurrent Workers: 1
 Concurrent Refinement Workers: 4
 Periodic GC: Disabled
Heap:
 garbage-first heap   total 40960K, used 32863K [0x00000000e1600000, 0x0000000100000000)
  region size 1024K, 11 young (11264K), 2 survivors (2048K)
 Metaspace       used 50915K, committed 51456K, reserved 1114112K
  class space    used 6980K, committed 7232K, reserved 1048576K
GC Heap History (20 events):
Event: 19.886 GC heap before
{Heap before GC invocations=9 (full 0):
 garbage-first heap   total 39936K, used 33334K [0x00000000e1600000, 0x0000000100000000)
  region size 1024K, 19 young (19456K), 1 survivors (1024K)
 Metaspace       used 23152K, committed 23552K, reserved 1114112K
  class space    used 3053K, committed 3200K, reserved 1048576K
}
Event: 19.904 GC heap after
{Heap after GC invocations=10 (full 0):
 garbage-first heap   total 39936K, used 16085K [0x00000000e1600000, 0x0000000100000000)
  region size 1024K, 3 young (3072K), 3 survivors (3072K)
 Metaspace       used 23152K, committed 23552K, reserved 1114112K
  class space    used 3053K, committed 3200K, reserved 1048576K
}
Event: 22.452 GC heap before
{Heap before GC invocations=10 (full 0):
 garbage-first heap   total 39936K, used 31445K [0x00000000e1600000, 0x0000000100000000)
  region size 1024K, 19 young (19456K), 3 survivors (3072K)
 Metaspace       used 25636K, committed 26176K, reserved 1114112K
  class space    used 3443K, committed 3712K, reserved 1048576K
}
Event: 22.479 GC heap after
{Heap after GC invocations=11 (full 0):
 garbage-first heap   total 39936K, used 17537K [0x00000000e1600000, 0x0000000100000000)
  region size 1024K, 3 young (3072K), 3 survivors (3072K)
 Metaspace       used 25636K, committed 26176K, reserved 1114112K
  class space    used 3443K, committed 3712K, reserved 1048576K
}
Event: 23.723 GC heap before
{Heap before GC invocations=11 (full 0):
 garbage-first heap   total 39936K, used 32897K [0x00000000e1600000, 0x0000000100000000)
  region size 1024K, 18 young (18432K), 3 survivors (3072K)
 Metaspace       used 27925K, committed 28480K, reserved 1114112K
  class space    used 3758K, committed 4032K, reserved 1048576K
}
Event: 23.746 GC heap after
{Heap after GC invocations=12 (full 0):
 garbage-first heap   total 39936K, used 19167K [0x00000000e1600000, 0x0000000100000000)
  region size 1024K, 2 young (2048K), 2 survivors (2048K)
 Metaspace       used 27925K, committed 28480K, reserved 1114112K
  class space    used 3758K, committed 4032K, reserved 1048576K
}
Event: 25.350 GC heap before
{Heap before GC invocations=12 (full 0):
 garbage-first heap   total 39936K, used 34527K [0x00000000e1600000, 0x0000000100000000)
  region size 1024K, 17 young (17408K), 2 survivors (2048K)
 Metaspace       used 30116K, committed 30656K, reserved 1114112K
  class space    used 4055K, committed 4288K, reserved 1048576K
}
Event: 25.366 GC heap after
{Heap after GC invocations=13 (full 0):
 garbage-first heap   total 39936K, used 19967K [0x00000000e1600000, 0x0000000100000000)
  region size 1024K, 3 young (3072K), 3 survivors (3072K)
 Metaspace       used 30116K, committed 30656K, reserved 1114112K
  class space    used 4055K, committed 4288K, reserved 1048576K
}
Event: 28.132 GC heap before
{Heap before GC invocations=13 (full 0):
 garbage-first heap   total 39936K, used 32255K [0x00000000e1600000, 0x0000000100000000)
  region size 1024K, 16 young (16384K), 3 survivors (3072K)
 Metaspace       used 33824K, committed 34368K, reserved 1114112K
  class space    used 4608K, committed 4864K, reserved 1048576K
}
Event: 28.149 GC heap after
{Heap after GC invocations=14 (full 0):
 garbage-first heap   total 39936K, used 20570K [0x00000000e1600000, 0x0000000100000000)
  region size 1024K, 2 young (2048K), 2 survivors (2048K)
 Metaspace       used 33824K, committed 34368K, reserved 1114112K
  class space    used 4608K, committed 4864K, reserved 1048576K
}
Event: 28.810 GC heap before
{Heap before GC invocations=14 (full 0):
 garbage-first heap   total 39936K, used 26714K [0x00000000e1600000, 0x0000000100000000)
  region size 1024K, 9 young (9216K), 2 survivors (2048K)
 Metaspace       used 35484K, committed 35968K, reserved 1114112K
  class space    used 4911K, committed 5120K, reserved 1048576K
}
Event: 28.822 GC heap after
{Heap after GC invocations=15 (full 0):
 garbage-first heap   total 39936K, used 21005K [0x00000000e1600000, 0x0000000100000000)
  region size 1024K, 2 young (2048K), 2 survivors (2048K)
 Metaspace       used 35484K, committed 35968K, reserved 1114112K
  class space    used 4911K, committed 5120K, reserved 1048576K
}
Event: 29.964 GC heap before
{Heap before GC invocations=16 (full 0):
 garbage-first heap   total 39936K, used 33293K [0x00000000e1600000, 0x0000000100000000)
  region size 1024K, 14 young (14336K), 2 survivors (2048K)
 Metaspace       used 38594K, committed 39168K, reserved 1114112K
  class space    used 5288K, committed 5568K, reserved 1048576K
}
Event: 29.978 GC heap after
{Heap after GC invocations=17 (full 0):
 garbage-first heap   total 39936K, used 22269K [0x00000000e1600000, 0x0000000100000000)
  region size 1024K, 2 young (2048K), 2 survivors (2048K)
 Metaspace       used 38594K, committed 39168K, reserved 1114112K
  class space    used 5288K, committed 5568K, reserved 1048576K
}
Event: 32.744 GC heap before
{Heap before GC invocations=17 (full 0):
 garbage-first heap   total 39936K, used 34557K [0x00000000e1600000, 0x0000000100000000)
  region size 1024K, 14 young (14336K), 2 survivors (2048K)
 Metaspace       used 44227K, committed 44800K, reserved 1114112K
  class space    used 6007K, committed 6272K, reserved 1048576K
}
Event: 32.765 GC heap after
{Heap after GC invocations=18 (full 0):
 garbage-first heap   total 39936K, used 23404K [0x00000000e1600000, 0x0000000100000000)
  region size 1024K, 2 young (2048K), 2 survivors (2048K)
 Metaspace       used 44227K, committed 44800K, reserved 1114112K
  class space    used 6007K, committed 6272K, reserved 1048576K
}
Event: 33.618 GC heap before
{Heap before GC invocations=18 (full 0):
 garbage-first heap   total 39936K, used 32620K [0x00000000e1600000, 0x0000000100000000)
  region size 1024K, 12 young (12288K), 2 survivors (2048K)
 Metaspace       used 46307K, committed 46912K, reserved 1114112K
  class space    used 6259K, committed 6528K, reserved 1048576K
}
Event: 33.630 GC heap after
{Heap after GC invocations=19 (full 0):
 garbage-first heap   total 39936K, used 23978K [0x00000000e1600000, 0x0000000100000000)
  region size 1024K, 1 young (1024K), 1 survivors (1024K)
 Metaspace       used 46307K, committed 46912K, reserved 1114112K
  class space    used 6259K, committed 6528K, reserved 1048576K
}
Event: 34.818 GC heap before
{Heap before GC invocations=20 (full 0):
 garbage-first heap   total 40960K, used 35242K [0x00000000e1600000, 0x0000000100000000)
  region size 1024K, 13 young (13312K), 1 survivors (1024K)
 Metaspace       used 49864K, committed 50432K, reserved 1114112K
  class space    used 6823K, committed 7040K, reserved 1048576K
}
Event: 34.831 GC heap after
{Heap after GC invocations=21 (full 0):
 garbage-first heap   total 40960K, used 24671K [0x00000000e1600000, 0x0000000100000000)
  region size 1024K, 2 young (2048K), 2 survivors (2048K)
 Metaspace       used 49864K, committed 50432K, reserved 1114112K
  class space    used 6823K, committed 7040K, reserved 1048576K
}

